<?xml version="1.0" encoding="UTF-8"?>
<!-- Generated by org.testng.reporters.JUnitReportReporter -->
<testsuite hostname="Pranit-Dhole07" failures="0" tests="1" name="payments_tests.MakenewPayments" time="10.607" errors="0" timestamp="2022-11-12T13:41:18 IST" skipped="0">
  <testcase classname="payments_tests.MakenewPayments" name="Pay001" time="10.607"/>
  <system-out/>
</testsuite> <!-- payments_tests.MakenewPayments -->
