<?xml version="1.0" encoding="UTF-8"?>
<!-- Generated by org.testng.reporters.JUnitReportReporter -->
<testsuite hostname="Pranit-Dhole07" failures="0" tests="1" name="testscripts.Test_Payments" time="30.817" errors="0" timestamp="2022-11-12T12:53:38 IST" skipped="0">
  <testcase classname="testscripts.Test_Payments" name="Pay001" time="30.817"/>
  <system-out/>
</testsuite> <!-- testscripts.Test_Payments -->
